pol        seed |      rew      cap     step      mdl     wait     comp      nsv |   pku    pkr obs  obsr   pkv   pkvr    mwt   cmp    cmr   anp   anpr     mtt   pnc    pncr |   noop  overld  mcand  cne_fr cne_mn   dstep    macmr    msd
0           200 |    -0.75     0.00     0.00    -7.90    -3.84    11.00     0.00 | 11/19   0.58 11   0.58  4/11   0.36  206.18 11/19   0.58  6/19   0.32  287.64  0/11   0.00 |   0.756  0.611   0.75  0.337   2.22     12   -0.041     18
1           300 |     5.08     0.00     0.00    -3.10    -2.82    11.00     0.00 | 11/19   0.58 10   0.53  2/11   0.18  210.45 11/19   0.58  6/19   0.32  272.09  0/11   0.00 |   0.694  0.647   0.89  0.444   2.00     12    0.299     17
2           400 |     3.09     0.00     0.00    -3.58    -3.32    10.00     0.00 | 10/20   0.50 11   0.55  2/10   0.20  166.00 10/20   0.50  0/20   0.00  216.00  0/10   0.00 |   0.787  0.533   0.90  0.438   2.06     12    0.206     15
3           500 |     3.73     0.00     0.00    -3.77    -3.50    11.00     0.00 | 11/19   0.58 11   0.58  4/11   0.36  226.73 11/19   0.58  2/19   0.11  323.55  0/11   0.00 |   0.778  0.611   0.92  0.442   2.07     12    0.207     18
4           600 |     5.92     0.00     0.00    -3.60    -2.48    12.00     0.00 | 12/18   0.67 10   0.56  4/12   0.33  182.17 12/18   0.67  2/18   0.11  254.67  0/12   0.00 |   0.744  0.556   0.88  0.432   2.05     12    0.329     18
5           700 |     3.40     0.00     0.00    -2.57    -4.04    10.00     0.00 | 10/20   0.50 10   0.50  0/10   0.00  161.40 10/20   0.50  0/20   0.00  307.50  0/10   0.00 |   0.787  0.562   0.91  0.494   1.83     12    0.212     16
6           800 |     3.20     0.00     0.00    -3.63    -2.17     9.00     0.00 |  9/21   0.43 13   0.62  1/9    0.11  128.89  9/21   0.43  0/21   0.00  240.33  0/9    0.00 |   0.677  0.769   1.13  0.600   1.88     12    0.246     13
7           900 |     4.84     0.00     0.00    -4.18    -1.98    11.00     0.00 | 11/19   0.58 12   0.63  4/11   0.36  208.00 11/19   0.58  0/19   0.00  276.55  0/11   0.00 |   0.789  0.579   0.94  0.440   2.14     12    0.255     19
8          1000 |     2.80     0.00     0.00    -4.13    -2.07     9.00     0.00 | 11/21   0.52 14   0.67  4/11   0.36  223.73  9/21   0.43  0/21   0.00  269.56  2/11   0.18 |   0.840  0.450   0.74  0.400   1.86     12    0.140     20
9           100 |     1.71     0.00     0.00    -7.13    -1.16    10.00     0.00 | 10/20   0.50 17   0.85  8/10   0.80  332.30 10/20   0.50  4/20   0.20  265.10  0/10   0.00 |   0.726  0.526   1.06  0.490   2.16     12    0.090     19
10          200 |     3.01     0.00     0.00    -3.48    -3.51    10.00     0.00 | 10/20   0.50 11   0.55  2/10   0.20  164.90 10/20   0.50  0/20   0.00  298.10  0/10   0.00 |   0.765  0.529   0.90  0.411   2.19     11    0.177     17
11          300 |     2.43     0.00     0.00    -5.16    -2.40    10.00     0.00 | 12/20   0.60 15   0.75  7/12   0.58  254.58 10/20   0.50  2/20   0.10  252.40  2/12   0.17 |   0.770  0.450   0.91  0.467   1.96     12    0.122     20
12          400 |     3.54     0.00     0.00    -4.88    -1.58    10.00     0.00 | 10/20   0.50 14   0.70  4/10   0.40  216.90 10/20   0.50  2/20   0.10  298.40  0/10   0.00 |   0.737  0.526   0.92  0.410   2.24     12    0.186     19
13          500 |     2.35     0.00     0.00    -5.16    -1.49     9.00     0.00 | 11/21   0.52 16   0.76  6/11   0.55  314.36  9/21   0.43  4/21   0.19  230.89  2/11   0.18 |   0.760  0.550   0.91  0.448   2.04     12    0.117     20
14          600 |     4.71     0.00     0.00    -4.17    -2.12    11.00     0.00 | 11/19   0.58 12   0.63  4/11   0.36  216.36 11/19   0.58  4/19   0.21  223.91  0/11   0.00 |   0.811  0.526   0.82  0.400   2.05     12    0.248     19
15          700 |     6.42     0.00     0.00    -1.53    -4.04    12.00     0.00 | 12/18   0.67  6   0.33  0/12   0.00  134.75 12/18   0.67  0/18   0.00  258.25  0/12   0.00 |   0.725  0.625   0.85  0.471   1.80     12    0.401     16
16          800 |     5.47     0.00     0.00    -2.57    -2.96    11.00     0.00 | 11/19   0.58  9   0.47  1/11   0.09  144.09 11/19   0.58  0/19   0.00  291.18  0/11   0.00 |   0.830  0.500   0.69  0.352   1.95     11    0.274     20
17          900 |     3.45     0.00     0.00    -3.63    -2.91    10.00     0.00 | 10/20   0.50 12   0.60  2/10   0.20  230.80 10/20   0.50  4/20   0.20  207.50  0/10   0.00 |   0.779  0.579   0.93  0.460   2.02     12    0.182     19
18         1000 |     4.76     0.00     0.00    -4.10    -2.14    11.00     0.00 | 11/19   0.58 12   0.63  4/11   0.36  200.91 11/19   0.58  6/19   0.32  238.18  0/11   0.00 |   0.688  0.625   1.11  0.553   2.00     12    0.297     16
19          100 |     3.50     0.00     0.00    -3.60    -2.90    10.00     0.00 | 12/20   0.60 12   0.60  4/12   0.33  270.83 10/20   0.50  2/20   0.10  279.50  2/12   0.17 |   0.760  0.550   0.79  0.381   2.08     12    0.175     20
20          200 |     5.95     0.00     0.00    -3.18    -2.87    12.00     0.00 | 12/18   0.67  9   0.50  4/12   0.33  199.17 12/18   0.67  0/18   0.00  308.08  0/12   0.00 |   0.842  0.579   0.74  0.420   1.76     12    0.313     19
21          300 |     7.14     0.00     0.00    -2.07    -3.80    13.00     0.00 | 13/17   0.76  6   0.35  2/13   0.15  159.54 13/17   0.76  0/17   0.00  313.77  0/13   0.00 |   0.811  0.556   0.58  0.358   1.62     12    0.396     18
22          400 |     7.02     0.00     0.00    -2.60    -2.38    12.00     0.00 | 12/18   0.67  8   0.44  2/12   0.17  130.25 12/18   0.67  0/18   0.00  329.25  0/12   0.00 |   0.811  0.474   0.53  0.310   1.71     10    0.370     19
23          500 |     3.40     0.00     0.00    -4.10    -2.50    10.00     0.00 | 10/20   0.50 13   0.65  3/10   0.30  199.70 10/20   0.50  2/20   0.10  260.40  0/10   0.00 |   0.779  0.579   0.90  0.430   2.09     12    0.179     19
24          600 |     5.48     0.00     0.00    -3.07    -3.45    12.00     0.00 | 12/18   0.67  8   0.44  3/12   0.25  161.67 12/18   0.67  2/18   0.11  353.25  0/12   0.00 |   0.756  0.556   0.66  0.368   1.80     12    0.304     18
25          700 |     6.10     0.00     0.00    -3.15    -2.75    12.00     0.00 | 12/18   0.67  9   0.50  4/12   0.33  166.42 12/18   0.67  2/18   0.11  274.42  0/12   0.00 |   0.750  0.688   0.72  0.412   1.74     12    0.381     16
26          800 |     4.69     0.00     0.00    -3.32    -3.00    11.00     0.00 | 11/19   0.58 10   0.53  3/11   0.27  160.82 11/19   0.58  0/19   0.00  227.00  0/11   0.00 |   0.765  0.588   0.81  0.433   1.87     12    0.276     17
27          900 |     4.54     0.00     0.00    -3.55    -2.91    11.00     0.00 | 11/19   0.58 10   0.53  3/11   0.27  159.91 11/19   0.58  0/19   0.00  237.00  0/11   0.00 |   0.753  0.706   0.90  0.489   1.84     12    0.267     17
28         1000 |     5.29     0.00     0.00    -3.13    -2.58    11.00     0.00 | 11/19   0.58 10   0.53  2/11   0.18  159.73 11/19   0.58  0/19   0.00  254.18  0/11   0.00 |   0.747  0.600   0.80  0.425   1.88     12    0.353     15
29          100 |     4.45     0.00     0.00    -4.13    -2.42    11.00     0.00 | 11/19   0.58 12   0.63  4/11   0.36  236.64 11/19   0.58  4/19   0.21  233.55  0/11   0.00 |   0.767  0.611   0.94  0.442   2.12     12    0.247     18
30          200 |     7.51     0.00     0.00    -3.57    -1.92    13.00     0.00 | 13/17   0.76  9   0.53  5/13   0.38  208.69 13/17   0.76  2/17   0.12  258.85  0/13   0.00 |   0.740  0.550   0.81  0.390   2.07     12    0.376     20
31          300 |     6.48     0.00     0.00    -2.07    -3.45    12.00     0.00 | 12/18   0.67  7   0.39  1/12   0.08  139.83 12/18   0.67  0/18   0.00  253.08  0/12   0.00 |   0.688  0.688   0.89  0.459   1.95     11    0.405     16
32          400 |     3.87     0.00     0.00    -3.63    -4.50    12.00     0.00 | 12/18   0.67  7   0.39  1/12   0.08  150.00 12/18   0.67  0/18   0.00  315.00  0/12   0.00 |   0.789  0.444   0.64  0.326   1.97     12    0.215     18
33          500 |     4.23     0.00     0.00    -3.10    -2.67    10.00     0.00 | 10/20   0.50 11   0.55  1/10   0.10  131.90 10/20   0.50  0/20   0.00  305.60  0/10   0.00 |   0.760  0.533   0.76  0.438   1.74     12    0.282     15
34          600 |     4.64     0.00     0.00    -2.57    -2.79    10.00     0.00 | 10/20   0.50 10   0.50  0/10   0.00  111.80 10/20   0.50  0/20   0.00  282.90  0/10   0.00 |   0.822  0.556   0.62  0.358   1.74     12    0.258     18
35          700 |     3.73     0.00     0.00    -3.63    -2.64    10.00     0.00 | 10/20   0.50 12   0.60  2/10   0.20  164.10 10/20   0.50  0/20   0.00  242.30  0/10   0.00 |   0.753  0.588   0.93  0.444   2.10     12    0.219     17
36          800 |     6.61     0.00     0.00    -2.10    -3.29    12.00     0.00 | 12/18   0.67  7   0.39  1/12   0.08  143.50 12/18   0.67  2/18   0.11  276.67  0/12   0.00 |   0.718  0.706   0.64  0.400   1.61     12    0.389     17
37          900 |     6.23     0.00     0.00    -2.87    -2.90    12.00     0.00 | 14/18   0.78  7   0.39  3/14   0.21  177.50 12/18   0.67  0/18   0.00  263.25  2/14   0.14 |   0.740  0.550   0.63  0.333   1.89     11    0.312     20
38         1000 |     5.64     0.00     0.00    -3.67    -2.69    12.00     0.00 | 12/18   0.67 10   0.56  4/12   0.33  196.08 12/18   0.67  0/18   0.00  266.50  0/12   0.00 |   0.688  0.750   0.91  0.447   2.03     12    0.352     16
39          100 |     4.17     0.00     0.00    -3.07    -3.77    11.00     0.00 | 11/19   0.58 10   0.53  2/11   0.18  196.18 11/19   0.58  2/19   0.11  216.00  0/11   0.00 |   0.718  0.529   0.97  0.500   1.93     12    0.245     17
40          200 |     3.49     0.00     0.00    -4.10    -2.41    10.00     0.00 | 10/20   0.50 13   0.65  3/10   0.30  189.90 10/20   0.50  0/20   0.00  307.00  0/10   0.00 |   0.776  0.529   0.79  0.444   1.77     12    0.206     17
41          300 |     6.58     0.00     0.00    -3.36    -3.05    13.00     0.00 | 13/17   0.76  8   0.47  5/13   0.38  204.00 13/17   0.76  0/17   0.00  256.46  0/13   0.00 |   0.780  0.550   0.72  0.352   2.05     12    0.329     20
42          400 |     5.79     0.00     0.00    -4.10    -2.11    12.00     0.00 | 12/18   0.67 11   0.61  5/12   0.42  199.17 12/18   0.67  4/18   0.22  306.50  0/12   0.00 |   0.747  0.579   0.82  0.430   1.91     12    0.305     19
43          500 |     2.40     0.00     0.00    -5.52    -3.08    11.00     0.00 | 11/19   0.58 12   0.63  5/11   0.45  299.27 11/19   0.58  2/19   0.11  250.45  0/11   0.00 |   0.720  0.500   0.86  0.390   2.20     12    0.120     20
44          600 |     1.05     0.00     0.00    -5.63    -4.32    11.00     0.00 | 11/19   0.58 10   0.53  2/11   0.18  181.09 11/19   0.58  2/19   0.11  263.55  0/11   0.00 |   0.729  0.647   0.89  0.456   1.95     12    0.062     17
45          700 |     3.70     0.00     0.00    -3.60    -2.70    10.00     0.00 | 10/20   0.50 12   0.60  2/10   0.20  166.90 10/20   0.50  2/20   0.10  177.70  0/10   0.00 |   0.586  0.786   1.09  0.547   2.00     12    0.264     14
46          800 |     7.68     0.00     0.00    -1.60    -3.72    13.00     0.00 | 13/17   0.76  5   0.29  1/13   0.08  136.08 13/17   0.76  0/17   0.00  299.00  0/13   0.00 |   0.741  0.647   0.67  0.378   1.76     12    0.452     17
47          900 |     6.49     0.00     0.00    -2.57    -2.94    12.00     0.00 | 12/18   0.67  8   0.44  2/12   0.17  153.83 12/18   0.67  0/18   0.00  332.67  0/12   0.00 |   0.800  0.474   0.57  0.330   1.73     12    0.342     19
48         1000 |     1.68     0.00     0.00    -5.70    -2.62    10.00     0.00 | 10/20   0.50 13   0.65  3/10   0.30  184.20 10/20   0.50  4/20   0.20  258.30  0/10   0.00 |   0.729  0.588   0.82  0.400   2.06     11    0.099     17
49          100 |     5.86     0.00     0.00    -2.57    -3.57    12.00     0.00 | 12/18   0.67  8   0.44  2/12   0.17  165.50 12/18   0.67  0/18   0.00  275.92  0/12   0.00 |   0.700  0.625   0.86  0.424   2.03     12    0.366     16
50          200 |     3.66     0.00     0.00    -4.13    -2.21    10.00     0.00 | 10/20   0.50 13   0.65  3/10   0.30  202.80 10/20   0.50  2/20   0.10  261.20  0/10   0.00 |   0.675  0.625   0.98  0.471   2.08     12    0.228     16
51          300 |     5.37     0.00     0.00    -3.97    -2.66    12.00     0.00 | 12/18   0.67 10   0.56  4/12   0.33  216.17 12/18   0.67  2/18   0.11  283.33  0/12   0.00 |   0.726  0.579   0.84  0.380   2.21     11    0.283     19
52          400 |     4.15     0.00     0.00    -4.10    -1.75    10.00     0.00 | 12/20   0.60 13   0.65  5/12   0.42  235.58 10/20   0.50  0/20   0.00  310.90  2/12   0.17 |   0.810  0.500   0.65  0.343   1.89     12    0.207     20
53          500 |     4.49     0.00     0.00    -3.05    -3.46    11.00     0.00 | 11/19   0.58  9   0.47  2/11   0.18  155.64 11/19   0.58  0/19   0.00  330.73  0/11   0.00 |   0.741  0.588   0.60  0.333   1.80     11    0.264     17
54          600 |     5.30     0.00     0.00    -3.63    -2.06    11.00     0.00 | 11/19   0.58 11   0.58  3/11   0.27  193.00 11/19   0.58  6/19   0.32  254.09  0/11   0.00 |   0.663  0.632   0.74  0.420   1.76     12    0.279     19
55          700 |     3.05     0.00     0.00    -4.63    -3.32    11.00     0.00 | 13/19   0.68  9   0.47  3/13   0.23  160.77 11/19   0.58  0/19   0.00  255.09  2/13   0.15 |   0.740  0.550   0.62  0.343   1.81     12    0.153     20
56          800 |     6.40     0.00     0.00    -2.07    -3.53    12.00     0.00 | 12/18   0.67  7   0.39  1/12   0.08  161.42 12/18   0.67  2/18   0.11  240.58  0/12   0.00 |   0.635  0.706   0.87  0.478   1.81     12    0.376     17
57          900 |     7.41     0.00     0.00    -2.60    -2.99    13.00     0.00 | 13/17   0.76  7   0.41  3/13   0.23  177.08 13/17   0.76  2/17   0.12  267.15  0/13   0.00 |   0.726  0.526   0.67  0.380   1.76     12    0.390     19
58         1000 |     3.80     0.00     0.00    -3.07    -3.13    10.00     0.00 | 12/20   0.60 11   0.55  3/12   0.25  220.17 10/20   0.50  0/20   0.00  316.10  2/12   0.17 |   0.800  0.450   0.65  0.343   1.89     12    0.190     20
59          100 |     5.64     0.00     0.00    -2.57    -2.79    11.00     0.00 | 11/19   0.58  9   0.47  1/11   0.09  126.82 11/19   0.58  2/19   0.11  354.09  0/11   0.00 |   0.778  0.611   0.54  0.305   1.76     11    0.314     18
60          200 |     5.68     0.00     0.00    -3.03    -3.28    12.00     0.00 | 12/18   0.67  8   0.44  3/12   0.25  178.50 12/18   0.67  4/18   0.22  229.50  0/12   0.00 |   0.600  0.706   1.04  0.522   2.00     12    0.334     17
61          300 |     5.07     0.00     0.00    -2.88    -3.05    11.00     0.00 | 11/19   0.58  9   0.47  2/11   0.18  172.73 11/19   0.58  2/19   0.11  286.00  0/11   0.00 |   0.718  0.647   0.80  0.400   2.00     12    0.298     17
62          400 |     7.27     0.00     0.00    -3.52    -3.21    14.00     0.00 | 14/16   0.88  6   0.38  5/14   0.36  181.07 14/16   0.88  0/16   0.00  397.36  0/14   0.00 |   0.730  0.500   0.63  0.324   1.94     11    0.364     20
63          500 |     2.52     0.00     0.00    -5.63    -3.84    12.00     0.00 | 12/18   0.67 10   0.56  4/12   0.33  220.08 12/18   0.67  2/18   0.11  292.58  0/12   0.00 |   0.642  0.632   0.90  0.440   2.05     12    0.133     19
64          600 |     4.79     0.00     0.00    -3.17    -3.04    11.00     0.00 | 11/19   0.58 10   0.53  2/11   0.18  181.91 11/19   0.58  0/19   0.00  263.00  0/11   0.00 |   0.680  0.667   0.86  0.400   2.16     11    0.319     15
65          700 |     3.63     0.00     0.00    -5.33    -2.04    11.00     0.00 | 11/19   0.58 14   0.74  7/11   0.64  287.64 11/19   0.58  4/19   0.21  237.91  0/11   0.00 |   0.656  0.667   1.13  0.505   2.23     12    0.202     18
66          800 |     8.24     0.00     0.00    -1.07    -4.69    14.00     0.00 | 14/16   0.88  3   0.19  1/14   0.07  165.36 14/16   0.88  2/16   0.12  315.07  0/14   0.00 |   0.695  0.632   0.69  0.360   1.92     12    0.434     19
67          900 |     4.96     0.00     0.00    -3.60    -2.45    11.00     0.00 | 11/19   0.58 11   0.58  3/11   0.27  193.73 11/19   0.58  0/19   0.00  298.00  0/11   0.00 |   0.760  0.550   0.71  0.343   2.08     12    0.248     20
68         1000 |     4.40     0.00     0.00    -4.63    -1.97    11.00     0.00 | 11/19   0.58 13   0.68  5/11   0.45  264.00 11/19   0.58  6/19   0.32  262.64  0/11   0.00 |   0.678  0.667   0.97  0.442   2.19     12    0.244     18
69          100 |     7.35     0.00     0.00    -2.60    -2.05    12.00     0.00 | 12/18   0.67  8   0.44  2/12   0.17  129.92 12/18   0.67  0/18   0.00  226.58  0/12   0.00 |   0.688  0.688   0.67  0.388   1.73     12    0.459     16
70          200 |     5.12     0.00     0.00    -4.10    -1.78    11.00     0.00 | 13/19   0.68 11   0.58  5/13   0.38  215.62 11/19   0.58  6/19   0.32  274.18  2/13   0.15 |   0.740  0.550   0.66  0.390   1.68     12    0.256     20
71          300 |     3.93     0.00     0.00    -3.13    -2.94    10.00     0.00 | 10/20   0.50 11   0.55  1/10   0.10  174.40 10/20   0.50  4/20   0.20  304.50  0/10   0.00 |   0.740  0.550   0.70  0.381   1.85     12    0.196     20
72          400 |     5.41     0.00     0.00    -2.57    -4.02    12.00     0.00 | 14/18   0.78  7   0.39  4/14   0.29  220.93 12/18   0.67  0/18   0.00  241.50  2/14   0.14 |   0.760  0.550   0.72  0.362   2.00     12    0.271     20
73          500 |     5.20     0.00     0.00    -3.10    -2.71    11.00     0.00 | 11/19   0.58 10   0.53  2/11   0.18  158.09 11/19   0.58  6/19   0.32  270.09  0/11   0.00 |   0.662  0.750   0.73  0.424   1.72     12    0.325     16
74          600 |     5.03     0.00     0.00    -2.07    -3.90    11.00     0.00 | 11/19   0.58  8   0.42  0/11   0.00  142.00 11/19   0.58  0/19   0.00  216.82  0/11   0.00 |   0.613  0.733   1.14  0.537   2.12     11    0.335     15
75          700 |     4.84     0.00     0.00    -4.30    -1.86    11.00     0.00 | 11/19   0.58 12   0.63  4/11   0.36  212.00 11/19   0.58  2/19   0.11  268.27  0/11   0.00 |   0.684  0.579   0.88  0.430   2.05     12    0.255     19
76          800 |     5.95     0.00     0.00    -3.10    -3.95    13.00     0.00 | 13/17   0.76  6   0.35  2/13   0.15  146.92 13/17   0.76  0/17   0.00  291.77  0/13   0.00 |   0.622  0.611   0.85  0.432   1.98     12    0.330     18
77          900 |     4.69     0.00     0.00    -3.60    -2.71    11.00     0.00 | 11/19   0.58 11   0.58  3/11   0.27  195.18 11/19   0.58  0/19   0.00  313.91  0/11   0.00 |   0.740  0.550   0.67  0.362   1.84     12    0.235     20
78         1000 |     7.83     0.00     0.00    -2.60    -2.57    13.00     0.00 | 13/17   0.76  7   0.41  3/13   0.23  165.23 13/17   0.76  0/17   0.00  291.92  0/13   0.00 |   0.758  0.579   0.49  0.290   1.69     12    0.412     19
79          100 |     3.56     0.00     0.00    -4.67    -1.77    10.00     0.00 | 10/20   0.50 14   0.70  4/10   0.40  223.50 10/20   0.50  4/20   0.20  320.30  0/10   0.00 |   0.695  0.526   0.82  0.400   2.05     12    0.187     19
80          200 |     5.47     0.00     0.00    -2.60    -2.93    11.00     0.00 | 11/19   0.58  9   0.47  1/11   0.09  170.09 11/19   0.58  4/19   0.21  249.73  0/11   0.00 |   0.656  0.611   0.71  0.379   1.86     12    0.304     18
81          300 |     4.22     0.00     0.00    -3.10    -2.68    10.00     0.00 | 12/20   0.60 11   0.55  3/12   0.25  199.83 10/20   0.50  0/20   0.00  289.90  2/12   0.17 |   0.720  0.550   0.59  0.333   1.77     12    0.211     20
82          400 |     4.32     0.00     0.00    -3.60    -2.08    10.00     0.00 | 10/20   0.50 12   0.60  2/10   0.20  151.20 10/20   0.50  6/20   0.30  283.90  0/10   0.00 |   0.707  0.733   0.82  0.425   1.94     12    0.288     15
83          500 |     6.11     0.00     0.00    -3.10    -2.79    12.00     0.00 | 12/18   0.67  9   0.50  3/12   0.25  181.17 12/18   0.67  0/18   0.00  263.08  0/12   0.00 |   0.750  0.500   0.72  0.352   2.05     11    0.305     20
84          600 |     4.14     0.00     0.00    -4.17    -3.70    12.00     0.00 | 14/18   0.78  9   0.50  5/14   0.36  260.36 12/18   0.67  2/18   0.11  260.08  2/14   0.14 |   0.700  0.600   0.77  0.400   1.93     12    0.207     20
85          700 |     9.57     0.00     0.00    -2.10    -2.33    14.00     0.00 | 14/16   0.88  5   0.31  3/14   0.21  134.07 14/16   0.88  0/16   0.00  291.07  0/14   0.00 |   0.716  0.579   0.56  0.340   1.65     11    0.504     19
86          800 |     6.32     0.00     0.00    -2.03    -3.64    12.00     0.00 | 14/18   0.78  7   0.39  3/14   0.21  201.57 12/18   0.67  0/18   0.00  300.92  2/14   0.14 |   0.750  0.550   0.68  0.324   2.09     12    0.316     20
87          900 |     5.21     0.00     0.00    -3.67    -2.12    11.00     0.00 | 11/19   0.58 11   0.58  3/11   0.27  192.18 11/19   0.58  6/19   0.32  290.09  0/11   0.00 |   0.637  0.688   0.89  0.435   2.05     12    0.326     16
88         1000 |     4.87     0.00     0.00    -3.08    -3.05    11.00     0.00 | 13/19   0.68  9   0.47  4/13   0.31  206.77 11/19   0.58  0/19   0.00  186.91  2/13   0.15 |   0.700  0.600   0.74  0.400   1.86     12    0.243     20
89          100 |     4.41     0.00     0.00    -4.13    -2.46    11.00     0.00 | 11/19   0.58 12   0.63  4/11   0.36  261.64 11/19   0.58  6/19   0.32  235.45  0/11   0.00 |   0.678  0.611   0.89  0.400   2.24     12    0.245     18
90          200 |     5.64     0.00     0.00    -3.13    -2.22    11.00     0.00 | 11/19   0.58 10   0.53  2/11   0.18  153.27 11/19   0.58  2/19   0.11  280.09  0/11   0.00 |   0.674  0.579   0.65  0.380   1.71     11    0.297     19
91          300 |     8.20     0.00     0.00    -1.05    -3.75    13.00     0.00 | 13/17   0.76  4   0.24  1/13   0.08  115.31 13/17   0.76  0/17   0.00  283.69  0/13   0.00 |   0.729  0.529   0.56  0.333   1.67     11    0.482     17
92          400 |     6.05     0.00     0.00    -3.60    -2.35    12.00     0.00 | 14/18   0.78 10   0.56  6/14   0.43  253.43 12/18   0.67  2/18   0.11  280.00  2/14   0.14 |   0.760  0.450   0.62  0.324   1.91     10    0.302     20
93          500 |     6.69     0.00     0.00    -2.03    -3.27    12.00     0.00 | 12/18   0.67  7   0.39  1/12   0.08  152.17 12/18   0.67  0/18   0.00  271.33  0/12   0.00 |   0.758  0.526   0.61  0.330   1.85     11    0.352     19
94          600 |     7.86     0.00     0.00    -2.60    -2.54    13.00     0.00 | 13/17   0.76  7   0.41  3/13   0.23  149.38 13/17   0.76  4/17   0.24  328.85  0/13   0.00 |   0.756  0.611   0.58  0.337   1.72     12    0.436     18
95          700 |     6.62     0.00     0.00    -2.20    -3.18    12.00     0.00 | 12/18   0.67  7   0.39  2/12   0.17  143.67 12/18   0.67  0/18   0.00  257.67  0/12   0.00 |   0.711  0.556   0.65  0.368   1.77     12    0.368     18
96          800 |     4.82     0.00     0.00    -2.85    -3.33    11.00     0.00 | 11/19   0.58  9   0.47  2/11   0.18  146.64 11/19   0.58  0/19   0.00  300.73  0/11   0.00 |   0.686  0.643   0.71  0.400   1.77     11    0.345     14
97          900 |     6.89     0.00     0.00    -2.60    -2.52    12.00     0.00 | 12/18   0.67  8   0.44  2/12   0.17  143.08 12/18   0.67  4/18   0.22  336.75  0/12   0.00 |   0.737  0.526   0.54  0.300   1.80     11    0.362     19
98         1000 |     5.66     0.00     0.00    -3.60    -2.75    12.00     0.00 | 12/18   0.67 10   0.56  4/12   0.33  199.75 12/18   0.67  2/18   0.11  244.17  0/12   0.00 |   0.659  0.647   0.88  0.456   1.93     12    0.333     17
99          100 |     3.95     0.00     0.00    -3.42    -3.63    11.00     0.00 | 11/19   0.58 10   0.53  4/11   0.36  194.64 11/19   0.58  2/19   0.11  313.36  0/11   0.00 |   0.744  0.556   0.72  0.347   2.06     10    0.220     18
100         200 |     5.50     0.00     0.00    -2.57    -2.94    11.00     0.00 | 13/19   0.68  9   0.47  3/13   0.23  170.54 11/19   0.58  0/19   0.00  345.00  2/13   0.15 |   0.760  0.450   0.52  0.314   1.67     12    0.275     20
101         300 |     8.73     0.00     0.00    -2.10    -2.17    13.00     0.00 | 13/17   0.76  6   0.35  2/13   0.15  114.62 13/17   0.76  0/17   0.00  308.54  0/13   0.00 |   0.800  0.550   0.42  0.257   1.63     12    0.437     20
102         400 |     6.29     0.00     0.00    -2.60    -3.11    12.00     0.00 | 12/18   0.67  8   0.44  2/12   0.17  161.25 12/18   0.67  0/18   0.00  262.83  0/12   0.00 |   0.744  0.611   0.61  0.347   1.76     11    0.349     18
103         500 |     5.27     0.00     0.00    -2.63    -3.10    11.00     0.00 | 11/19   0.58  9   0.47  1/11   0.09  177.73 11/19   0.58  2/19   0.11  234.55  0/11   0.00 |   0.713  0.625   0.84  0.447   1.87     12    0.329     16
104         600 |     7.31     0.00     0.00    -1.57    -3.13    12.00     0.00 | 12/18   0.67  6   0.33  0/12   0.00  104.25 12/18   0.67  0/18   0.00  297.17  0/12   0.00 |   0.741  0.529   0.59  0.333   1.77     10    0.430     17
105         700 |     5.67     0.00     0.00    -3.60    -2.73    12.00     0.00 | 12/18   0.67 10   0.56  4/12   0.33  190.25 12/18   0.67  2/18   0.11  278.00  0/12   0.00 |   0.671  0.647   0.76  0.411   1.84     12    0.333     17
106         800 |     4.91     0.00     0.00    -3.13    -2.96    11.00     0.00 | 13/19   0.68  9   0.47  3/13   0.23  192.77 11/19   0.58  0/19   0.00  289.18  2/13   0.15 |   0.740  0.600   0.70  0.352   1.97     12    0.245     20
107         900 |     5.82     0.00     0.00    -3.05    -3.13    12.00     0.00 | 14/18   0.78  7   0.39  4/14   0.29  181.93 12/18   0.67  2/18   0.11  241.00  2/14   0.14 |   0.680  0.600   0.71  0.362   1.97     12    0.291     20
108        1000 |     7.06     0.00     0.00    -2.00    -3.94    13.00     0.00 | 13/17   0.76  5   0.29  2/13   0.15  151.23 13/17   0.76  0/17   0.00  237.62  0/13   0.00 |   0.647  0.647   0.74  0.411   1.81     11    0.415     17
109         100 |     4.49     0.00     0.00    -2.57    -2.94    10.00     0.00 | 12/20   0.60  9   0.45  1/12   0.08  139.67 10/20   0.50  0/20   0.00  249.40  2/12   0.17 |   0.740  0.450   0.65  0.352   1.84     10    0.225     20
110         200 |     6.00     0.00     0.00    -3.02    -2.99    12.00     0.00 | 12/18   0.67  8   0.44  3/12   0.25  144.33 12/18   0.67  0/18   0.00  224.75  0/12   0.00 |   0.647  0.588   0.87  0.467   1.86     12    0.353     17
111         300 |     4.77     0.00     0.00    -4.13    -2.10    11.00     0.00 | 11/19   0.58 12   0.63  4/11   0.36  227.73 11/19   0.58  4/19   0.21  206.82  0/11   0.00 |   0.678  0.667   0.92  0.463   1.98     12    0.265     18
112         400 |     7.18     0.00     0.00    -4.13    -1.69    13.00     0.00 | 13/17   0.76 10   0.59  6/13   0.46  238.77 13/17   0.76  4/17   0.24  281.46  0/13   0.00 |   0.710  0.550   0.70  0.343   2.03     12    0.359     20
113         500 |     7.80     0.00     0.00    -1.57    -3.63    13.00     0.00 | 13/17   0.76  5   0.29  1/13   0.08  143.31 13/17   0.76  0/17   0.00  231.15  0/13   0.00 |   0.600  0.706   0.83  0.456   1.83     12    0.459     17
114         600 |     7.76     0.00     0.00    -2.72    -3.52    14.00     0.00 | 14/16   0.88  5   0.31  3/14   0.21  181.21 14/16   0.88  2/16   0.12  344.79  0/14   0.00 |   0.726  0.632   0.60  0.340   1.76     12    0.409     19
115         700 |     5.79     0.00     0.00    -3.25    -2.96    12.00     0.00 | 12/18   0.67  9   0.50  4/12   0.33  196.33 12/18   0.67  0/18   0.00  264.42  0/12   0.00 |   0.674  0.632   0.72  0.400   1.80     12    0.305     19
116         800 |     5.37     0.00     0.00    -3.10    -2.54    11.00     0.00 | 11/19   0.58 10   0.53  2/11   0.18  156.00 11/19   0.58  2/19   0.11  314.82  0/11   0.00 |   0.678  0.611   0.57  0.347   1.64     11    0.298     18
117         900 |     3.80     0.00     0.00    -3.67    -2.53    10.00     0.00 | 12/20   0.60 12   0.60  4/12   0.33  257.50 10/20   0.50  4/20   0.20  218.20  2/12   0.17 |   0.650  0.550   0.83  0.390   2.12     12    0.190     20
118        1000 |     7.33     0.00     0.00    -2.45    -3.22    13.00     0.00 | 13/17   0.76  6   0.35  3/13   0.23  165.92 13/17   0.76  0/17   0.00  225.85  0/13   0.00 |   0.684  0.632   0.64  0.370   1.73     12    0.386     19
119         100 |     6.92     0.00     0.00    -3.63    -1.45    12.00     0.00 | 14/18   0.78 10   0.56  6/14   0.43  186.50 12/18   0.67  4/18   0.22  297.67  2/14   0.14 |   0.750  0.500   0.58  0.314   1.85     12    0.346     20
120         200 |     5.46     0.00     0.00    -4.13    -1.40    11.00     0.00 | 13/19   0.68 12   0.63  6/13   0.46  192.92 11/19   0.58  0/19   0.00  258.64  2/13   0.15 |   0.700  0.600   0.71  0.371   1.92     12    0.273     20
121         300 |     7.45     0.00     0.00    -2.60    -2.95    13.00     0.00 | 13/17   0.76  7   0.41  3/13   0.23  157.54 13/17   0.76  2/17   0.12  254.23  0/13   0.00 |   0.680  0.600   0.64  0.333   1.91     12    0.373     20
122         400 |     5.10     0.00     0.00    -3.02    -3.88    12.00     0.00 | 12/18   0.67  8   0.44  3/12   0.25  191.83 12/18   0.67  0/18   0.00  286.00  0/12   0.00 |   0.633  0.667   0.84  0.421   2.00     12    0.284     18
123         500 |     7.59     0.00     0.00    -1.98    -3.43    13.00     0.00 | 13/17   0.76  5   0.29  2/13   0.15  128.77 13/17   0.76  0/17   0.00  319.15  0/13   0.00 |   0.778  0.611   0.49  0.274   1.81     11    0.421     18
124         600 |     6.06     0.00     0.00    -3.60    -2.34    12.00     0.00 | 12/18   0.67 10   0.56  4/12   0.33  203.00 12/18   0.67  0/18   0.00  269.08  0/12   0.00 |   0.674  0.632   0.69  0.360   1.92     12    0.319     19
125         700 |     4.79     0.00     0.00    -3.63    -3.57    12.00     0.00 | 12/18   0.67  8   0.44  2/12   0.17  195.50 12/18   0.67  0/18   0.00  291.00  0/12   0.00 |   0.710  0.600   0.78  0.371   2.10     12    0.240     20
126         800 |     5.23     0.00     0.00    -3.07    -2.70    11.00     0.00 | 11/19   0.58 10   0.53  2/11   0.18  184.09 11/19   0.58  2/19   0.11  283.73  0/11   0.00 |   0.710  0.550   0.62  0.352   1.76     11    0.262     20
127         900 |     6.21     0.00     0.00    -2.60    -3.19    12.00     0.00 | 12/18   0.67  8   0.44  2/12   0.17  164.42 12/18   0.67  2/18   0.11  265.50  0/12   0.00 |   0.637  0.625   0.82  0.412   2.00     10    0.388     16
128        1000 |     7.96     0.00     0.00    -2.07    -2.97    13.00     0.00 | 13/17   0.76  6   0.35  2/13   0.15  175.38 13/17   0.76  4/17   0.24  297.77  0/13   0.00 |   0.747  0.579   0.60  0.320   1.88     11    0.419     19
129         100 |     6.37     0.00     0.00    -3.03    -2.59    12.00     0.00 | 12/18   0.67  8   0.44  3/12   0.25  146.92 12/18   0.67  2/18   0.11  244.92  0/12   0.00 |   0.667  0.611   0.62  0.358   1.74     11    0.354     18
130         200 |     2.74     0.00     0.00    -5.13    -4.13    12.00     0.00 | 14/18   0.78  7   0.39  3/14   0.21  185.71 12/18   0.67  2/18   0.11  222.83  2/14   0.14 |   0.670  0.600   0.69  0.400   1.71     12    0.137     20
131         300 |     7.98     0.00     0.00    -1.03    -3.99    13.00     0.00 | 13/17   0.76  4   0.24  0/13   0.00  122.62 13/17   0.76  0/17   0.00  269.85  0/13   0.00 |   0.653  0.600   0.69  0.375   1.83     10    0.532     15
132         400 |     4.95     0.00     0.00    -3.10    -2.95    11.00     0.00 | 13/19   0.68  9   0.47  3/13   0.23  184.62 11/19   0.58  0/19   0.00  305.55  2/13   0.15 |   0.750  0.600   0.58  0.324   1.79     12    0.247     20
133         500 |     5.89     0.00     0.00    -2.88    -3.22    12.00     0.00 | 12/18   0.67  8   0.44  3/12   0.25  174.00 12/18   0.67  2/18   0.11  280.50  0/12   0.00 |   0.671  0.647   0.69  0.389   1.77     11    0.347     17
134         600 |     5.26     0.00     0.00    -4.33    -2.41    12.00     0.00 | 12/18   0.67  9   0.50  3/12   0.25  197.75 12/18   0.67  4/18   0.22  284.58  0/12   0.00 |   0.720  0.600   0.69  0.333   2.06     12    0.263     20
135         700 |     4.64     0.00     0.00    -3.13    -3.23    11.00     0.00 | 11/19   0.58 10   0.53  2/11   0.18  201.73 11/19   0.58  4/19   0.21  284.27  0/11   0.00 |   0.600  0.667   0.89  0.442   2.02     12    0.258     18
136         800 |     7.24     0.00     0.00    -2.60    -3.16    13.00     0.00 | 13/17   0.76  7   0.41  3/13   0.23  169.31 13/17   0.76  2/17   0.12  282.85  0/13   0.00 |   0.656  0.667   0.75  0.421   1.77     12    0.402     18
137         900 |     6.02     0.00     0.00    -3.03    -2.94    12.00     0.00 | 12/18   0.67  9   0.50  3/12   0.25  199.42 12/18   0.67  2/18   0.11  279.25  0/12   0.00 |   0.578  0.667   0.83  0.442   1.88     12    0.335     18
138        1000 |     5.56     0.00     0.00    -2.10    -3.34    11.00     0.00 | 13/19   0.68  8   0.42  2/13   0.15  185.85 11/19   0.58  0/19   0.00  289.27  2/13   0.15 |   0.760  0.500   0.54  0.286   1.90     10    0.278     20
139         100 |     5.44     0.00     0.00    -2.63    -2.92    11.00     0.00 | 11/19   0.58  9   0.47  1/11   0.09  150.73 11/19   0.58  4/19   0.21  287.82  0/11   0.00 |   0.744  0.556   0.59  0.358   1.65     11    0.302     18
140         200 |     5.52     0.00     0.00    -3.18    -3.30    12.00     0.00 | 12/18   0.67  9   0.50  4/12   0.33  207.92 12/18   0.67  2/18   0.11  280.25  0/12   0.00 |   0.656  0.556   0.79  0.442   1.79     12    0.306     18
141         300 |     6.97     0.00     0.00    -2.60    -2.43    12.00     0.00 | 14/18   0.78  8   0.44  4/14   0.29  189.14 12/18   0.67  0/18   0.00  308.25  2/14   0.14 |   0.730  0.550   0.52  0.324   1.62     12    0.348     20
142         400 |     7.39     0.00     0.00    -2.57    -3.04    13.00     0.00 | 13/17   0.76  7   0.41  3/13   0.23  173.15 13/17   0.76  0/17   0.00  220.85  0/13   0.00 |   0.730  0.500   0.62  0.305   2.03     10    0.370     20
143         500 |     8.61     0.00     0.00    -3.10    -2.29    14.00     0.00 | 14/16   0.88  7   0.44  5/14   0.36  177.93 14/16   0.88  2/16   0.12  272.14  0/14   0.00 |   0.684  0.579   0.71  0.360   1.97     11    0.453     19
144         600 |     8.57     0.00     0.00    -1.92    -3.51    14.00     0.00 | 14/16   0.88  4   0.25  3/14   0.21  158.21 14/16   0.88  2/16   0.12  260.71  0/14   0.00 |   0.675  0.688   0.75  0.376   2.00     12    0.536     16
145         700 |     5.87     0.00     0.00    -3.10    -2.04    11.00     0.00 | 11/19   0.58 10   0.53  2/11   0.18  130.73 11/19   0.58  0/19   0.00  273.55  0/11   0.00 |   0.756  0.556   0.55  0.316   1.73     11    0.326     18
146         800 |     8.49     0.00     0.00    -1.57    -2.95    13.00     0.00 | 13/17   0.76  5   0.29  1/13   0.08  119.15 13/17   0.76  0/17   0.00  257.54  0/13   0.00 |   0.684  0.632   0.61  0.380   1.61     12    0.447     19
147         900 |     8.12     0.00     0.00    -2.07    -2.81    13.00     0.00 | 13/17   0.76  6   0.35  2/13   0.15  133.92 13/17   0.76  0/17   0.00  278.31  0/13   0.00 |   0.694  0.588   0.58  0.333   1.73     11    0.478     17
148        1000 |     4.91     0.00     0.00    -5.03    -2.05    12.00     0.00 | 12/18   0.67 10   0.56  4/12   0.33  214.83 12/18   0.67  4/18   0.22  270.67  0/12   0.00 |   0.670  0.600   0.77  0.381   2.02     12    0.246     20
149         100 |     5.37     0.00     0.00    -3.13    -2.50    11.00     0.00 | 11/19   0.58 10   0.53  2/11   0.18  183.45 11/19   0.58  6/19   0.32  283.82  0/11   0.00 |   0.588  0.688   0.92  0.447   2.05     11    0.336     16
150         200 |     6.71     0.00     0.00    -3.63    -2.66    13.00     0.00 | 13/17   0.76  9   0.53  5/13   0.38  243.08 13/17   0.76  0/17   0.00  282.38  0/13   0.00 |   0.700  0.550   0.81  0.371   2.18     11    0.335     20
151         300 |     6.10     0.00     0.00    -2.58    -3.32    12.00     0.00 | 12/18   0.67  7   0.39  2/12   0.17  138.83 12/18   0.67  0/18   0.00  308.00  0/12   0.00 |   0.718  0.647   0.68  0.367   1.85     12    0.359     17
152         400 |     6.83     0.00     0.00    -1.57    -3.61    12.00     0.00 | 12/18   0.67  6   0.33  0/12   0.00  120.17 12/18   0.67  0/18   0.00  289.33  0/12   0.00 |   0.667  0.667   0.57  0.350   1.64     10    0.455     15
153         500 |     7.31     0.00     0.00    -3.07    -2.62    13.00     0.00 | 13/17   0.76  8   0.47  4/13   0.31  181.00 13/17   0.76  2/17   0.12  245.77  0/13   0.00 |   0.660  0.600   0.77  0.400   1.93     12    0.366     20
154         600 |     8.38     0.00     0.00    -2.10    -2.52    13.00     0.00 | 13/17   0.76  6   0.35  2/13   0.15  129.00 13/17   0.76  4/17   0.24  305.54  0/13   0.00 |   0.705  0.526   0.50  0.310   1.61     11    0.441     19
155         700 |     5.02     0.00     0.00    -4.17    -1.81    11.00     0.00 | 11/19   0.58 12   0.63  4/11   0.36  209.36 11/19   0.58  2/19   0.11  266.73  0/11   0.00 |   0.690  0.600   0.73  0.410   1.79     12    0.251     20
156         800 |     5.80     0.00     0.00    -3.28    -2.92    12.00     0.00 | 12/18   0.67  9   0.50  4/12   0.33  191.92 12/18   0.67  2/18   0.11  341.75  0/12   0.00 |   0.700  0.600   0.65  0.343   1.89     12    0.290     20
157         900 |     7.77     0.00     0.00    -3.10    -2.13    13.00     0.00 | 15/17   0.88  8   0.47  6/15   0.40  219.87 13/17   0.76  0/17   0.00  273.38  2/15   0.13 |   0.690  0.600   0.67  0.371   1.79     12    0.389     20
158        1000 |     7.58     0.00     0.00    -2.60    -2.82    13.00     0.00 | 13/17   0.76  7   0.41  3/13   0.23  169.54 13/17   0.76  0/17   0.00  245.00  0/13   0.00 |   0.675  0.688   0.69  0.388   1.79     12    0.474     16
159         100 |     3.58     0.00     0.00    -3.63    -2.79    10.00     0.00 | 12/20   0.60 12   0.60  4/12   0.33  255.00 10/20   0.50  6/20   0.30  225.20  2/12   0.17 |   0.700  0.600   0.74  0.371   2.00     12    0.179     20
160         200 |     7.10     0.00     0.00    -1.53    -3.37    12.00     0.00 | 12/18   0.67  6   0.33  0/12   0.00  112.42 12/18   0.67  0/18   0.00  320.33  0/12   0.00 |   0.680  0.600   0.62  0.362   1.72     11    0.473     15
161         300 |     6.32     0.00     0.00    -3.08    -3.59    13.00     0.00 | 13/17   0.76  7   0.41  4/13   0.31  194.77 13/17   0.76  0/17   0.00  367.15  0/13   0.00 |   0.747  0.474   0.66  0.340   1.94     10    0.333     19
162         400 |     5.06     0.00     0.00    -2.92    -3.02    11.00     0.00 | 11/19   0.58  9   0.47  2/11   0.18  152.36 11/19   0.58  0/19   0.00  263.64  0/11   0.00 |   0.722  0.611   0.53  0.337   1.56     12    0.281     18
163         500 |     8.70     0.00     0.00    -1.90    -3.40    14.00     0.00 | 14/16   0.88  4   0.25  3/14   0.21  144.50 14/16   0.88  0/16   0.00  296.21  0/14   0.00 |   0.730  0.550   0.48  0.286   1.67     11    0.435     20
164         600 |     6.97     0.00     0.00    -3.28    -2.75    13.00     0.00 | 13/17   0.76  7   0.41  3/13   0.23  166.46 13/17   0.76  0/17   0.00  332.85  0/13   0.00 |   0.750  0.550   0.55  0.314   1.76     11    0.348     20
165         700 |     6.25     0.00     0.00    -3.68    -2.06    12.00     0.00 | 12/18   0.67  9   0.50  3/12   0.25  154.17 12/18   0.67  0/18   0.00  316.83  0/12   0.00 |   0.747  0.632   0.57  0.320   1.78     12    0.329     19
166         800 |     8.84     0.00     0.00    -2.60    -2.56    14.00     0.00 | 14/16   0.88  6   0.38  4/14   0.29  172.00 14/16   0.88  0/16   0.00  246.86  0/14   0.00 |   0.678  0.611   0.69  0.358   1.94     12    0.491     18
167         900 |     6.75     0.00     0.00    -2.60    -2.65    12.00     0.00 | 12/18   0.67  8   0.44  2/12   0.17  148.92 12/18   0.67  2/18   0.11  258.08  0/12   0.00 |   0.637  0.688   0.68  0.412   1.66     11    0.422     16
168        1000 |     5.64     0.00     0.00    -2.17    -3.20    11.00     0.00 | 11/19   0.58  8   0.42  1/11   0.09  116.27 11/19   0.58  0/19   0.00  355.45  0/11   0.00 |   0.706  0.647   0.50  0.333   1.50     12    0.332     17
169         100 |     5.66     0.00     0.00    -3.10    -2.24    11.00     0.00 | 11/19   0.58 10   0.53  2/11   0.18  159.82 11/19   0.58  0/19   0.00  260.27  0/11   0.00 |   0.726  0.579   0.47  0.300   1.57     12    0.298     19
170         200 |     6.35     0.00     0.00    -2.60    -3.05    12.00     0.00 | 14/18   0.78  8   0.44  4/14   0.29  206.21 12/18   0.67  0/18   0.00  275.92  2/14   0.14 |   0.730  0.550   0.61  0.343   1.78     12    0.318     20
171         300 |     7.49     0.00     0.00    -1.53    -3.98    13.00     0.00 | 13/17   0.76  5   0.29  1/13   0.08  148.23 13/17   0.76  0/17   0.00  370.85  0/13   0.00 |   0.747  0.474   0.50  0.270   1.85      9    0.394     19
172         400 |     8.01     0.00     0.00    -2.10    -2.89    13.00     0.00 | 13/17   0.76  6   0.35  2/13   0.15  142.92 13/17   0.76  2/17   0.12  245.31  0/13   0.00 |   0.675  0.688   0.61  0.376   1.62     12    0.500     16
173         500 |     6.79     0.00     0.00    -4.10    -2.11    13.00     0.00 | 13/17   0.76  9   0.53  6/13   0.46  196.62 13/17   0.76  0/17   0.00  218.31  0/13   0.00 |   0.733  0.611   0.69  0.347   2.00     12    0.377     18
174         600 |     5.46     0.00     0.00    -2.65    -2.89    11.00     0.00 | 11/19   0.58  9   0.47  2/11   0.18  130.36 11/19   0.58  2/19   0.11  281.55  0/11   0.00 |   0.643  0.786   0.80  0.440   1.82     11    0.390     14
175         700 |     5.77     0.00     0.00    -3.88    -2.35    12.00     0.00 | 12/18   0.67  9   0.50  3/12   0.25  164.92 12/18   0.67  0/18   0.00  314.58  0/12   0.00 |   0.760  0.600   0.44  0.286   1.53     12    0.289     20
176         800 |     7.04     0.00     0.00    -3.57    -2.40    13.00     0.00 | 13/17   0.76  9   0.53  5/13   0.38  193.31 13/17   0.76  0/17   0.00  272.85  0/13   0.00 |   0.611  0.632   0.83  0.410   2.02     12    0.370     19
177         900 |     5.08     0.00     0.00    -3.07    -2.85    11.00     0.00 | 11/19   0.58 10   0.53  2/11   0.18  155.64 11/19   0.58  0/19   0.00  261.27  0/11   0.00 |   0.711  0.556   0.77  0.379   2.03     11    0.282     18
178        1000 |     5.20     0.00     0.00    -4.05    -2.75    12.00     0.00 | 12/18   0.67 10   0.56  5/12   0.42  197.67 12/18   0.67  4/18   0.22  280.17  0/12   0.00 |   0.678  0.667   0.92  0.432   2.12     12    0.289     18
179         100 |     5.78     0.00     0.00    -2.98    -3.24    12.00     0.00 | 12/18   0.67  8   0.44  3/12   0.25  174.92 12/18   0.67  2/18   0.11  260.67  0/12   0.00 |   0.671  0.647   0.73  0.378   1.94     12    0.340     17
180         200 |     7.87     0.00     0.00    -2.10    -3.04    13.00     0.00 | 13/17   0.76  6   0.35  2/13   0.15  159.62 13/17   0.76  0/17   0.00  280.77  0/13   0.00 |   0.779  0.579   0.48  0.280   1.71     12    0.414     19
181         300 |     4.67     0.00     0.00    -3.13    -2.20    10.00     0.00 | 12/20   0.60 11   0.55  3/12   0.25  163.17 10/20   0.50  4/20   0.20  270.00  2/12   0.17 |   0.760  0.550   0.50  0.286   1.73     11    0.234     20
182         400 |     5.02     0.00     0.00    -2.98    -4.00    12.00     0.00 | 12/18   0.67  8   0.44  3/12   0.25  218.00 12/18   0.67  2/18   0.11  257.33  0/12   0.00 |   0.635  0.647   0.91  0.433   2.10     11    0.295     17
183         500 |     7.99     0.00     0.00    -2.60    -2.42    13.00     0.00 | 13/17   0.76  7   0.41  3/13   0.23  161.00 13/17   0.76  2/17   0.12  246.08  0/13   0.00 |   0.684  0.579   0.54  0.330   1.64     12    0.420     19
184         600 |     6.52     0.00     0.00    -3.77    -2.71    13.00     0.00 | 13/17   0.76  8   0.47  4/13   0.31  204.77 13/17   0.76  4/17   0.24  319.31  0/13   0.00 |   0.700  0.600   0.63  0.343   1.83     12    0.326     20
185         700 |     5.84     0.00     0.00    -2.02    -4.14    12.00     0.00 | 12/18   0.67  6   0.33  1/12   0.08  137.92 12/18   0.67  0/18   0.00  301.75  0/12   0.00 |   0.682  0.706   0.64  0.367   1.76     12    0.344     17
186         800 |     3.59     0.00     0.00    -3.67    -2.74    10.00     0.00 | 12/20   0.60 11   0.55  3/12   0.25  213.75 10/20   0.50  4/20   0.20  247.10  2/12   0.17 |   0.670  0.550   0.93  0.410   2.28     11    0.180     20
187         900 |     7.30     0.00     0.00    -2.10    -3.60    13.00     0.00 | 13/17   0.76  6   0.35  2/13   0.15  164.00 13/17   0.76  0/17   0.00  333.54  0/13   0.00 |   0.695  0.632   0.67  0.380   1.76     12    0.384     19
188        1000 |     7.06     0.00     0.00    -2.07    -3.88    13.00     0.00 | 13/17   0.76  6   0.35  2/13   0.15  166.69 13/17   0.76  0/17   0.00  300.54  0/13   0.00 |   0.722  0.611   0.65  0.368   1.77     12    0.392     18
189         100 |     8.10     0.00     0.00    -2.10    -2.80    13.00     0.00 | 15/17   0.88  6   0.35  4/15   0.27  185.53 13/17   0.76  0/17   0.00  259.46  2/15   0.13 |   0.710  0.600   0.55  0.324   1.71     12    0.405     20
190         200 |     3.94     0.00     0.00    -4.13    -2.92    11.00     0.00 | 13/19   0.68 11   0.58  5/13   0.38  252.38 11/19   0.58  2/19   0.11  253.45  2/13   0.15 |   0.690  0.550   0.78  0.390   2.00     12    0.197     20
191         300 |     5.66     0.00     0.00    -2.63    -2.71    11.00     0.00 | 11/19   0.58  9   0.47  1/11   0.09  142.73 11/19   0.58  4/19   0.21  261.73  0/11   0.00 |   0.642  0.632   0.67  0.380   1.76     12    0.298     19
192         400 |     5.97     0.00     0.00    -3.67    -3.36    13.00     0.00 | 13/17   0.76  8   0.47  4/13   0.31  181.62 13/17   0.76  2/17   0.12  318.92  0/13   0.00 |   0.740  0.550   0.52  0.286   1.83     12    0.299     20
193         500 |     6.43     0.00     0.00    -4.13    -3.44    14.00     0.00 | 14/16   0.88  6   0.38  4/14   0.29  169.64 14/16   0.88  2/16   0.12  274.64  0/14   0.00 |   0.684  0.579   0.59  0.330   1.79     11    0.338     19
194         600 |     6.05     0.00     0.00    -3.10    -2.85    12.00     0.00 | 12/18   0.67  9   0.50  3/12   0.25  185.00 12/18   0.67  0/18   0.00  262.50  0/12   0.00 |   0.663  0.632   0.74  0.380   1.95     12    0.318     19
195         700 |     5.22     0.00     0.00    -4.10    -1.68    11.00     0.00 | 11/19   0.58 12   0.63  4/11   0.36  176.27 11/19   0.58  2/19   0.11  365.18  0/11   0.00 |   0.737  0.579   0.57  0.330   1.73     12    0.275     19
196         800 |     4.78     0.00     0.00    -3.73    -2.49    11.00     0.00 | 13/19   0.68 11   0.58  6/13   0.46  279.15 11/19   0.58  2/19   0.11  213.55  2/13   0.15 |   0.660  0.600   0.79  0.390   2.02     12    0.239     20
197         900 |     6.76     0.00     0.00    -3.10    -2.15    12.00     0.00 | 12/18   0.67  9   0.50  3/12   0.25  161.17 12/18   0.67  2/18   0.11  238.75  0/12   0.00 |   0.689  0.667   0.67  0.389   1.73     12    0.375     18
198        1000 |     8.52     0.00     0.00    -1.57    -2.92    13.00     0.00 | 13/17   0.76  5   0.29  1/13   0.08  114.77 13/17   0.76  0/17   0.00  318.85  0/13   0.00 |   0.760  0.600   0.47  0.305   1.53     12    0.426     20
199         100 |     6.75     0.00     0.00    -2.07    -3.19    12.00     0.00 | 12/18   0.67  7   0.39  1/12   0.08  135.92 12/18   0.67  0/18   0.00  311.00  0/12   0.00 |   0.730  0.600   0.51  0.333   1.54     12    0.337     20
200         200 |     6.73     0.00     0.00    -1.57    -3.71    12.00     0.00 | 12/18   0.67  6   0.33  0/12   0.00  123.58 12/18   0.67  0/18   0.00  329.58  0/12   0.00 |   0.722  0.611   0.57  0.347   1.64     12    0.374     18
201         300 |     5.26     0.00     0.00    -3.07    -2.68    11.00     0.00 | 11/19   0.58 10   0.53  2/11   0.18  150.45 11/19   0.58  2/19   0.11  298.82  0/11   0.00 |   0.694  0.588   0.64  0.356   1.81     12    0.309     17
202         400 |     5.84     0.00     0.00    -3.08    -3.08    12.00     0.00 | 12/18   0.67  8   0.44  3/12   0.25  159.92 12/18   0.67  0/18   0.00  269.75  0/12   0.00 |   0.635  0.706   0.83  0.433   1.92     12    0.343     17
203         500 |     5.24     0.00     0.00    -2.03    -3.73    11.00     0.00 | 11/19   0.58  8   0.42  0/11   0.00  135.73 11/19   0.58  0/19   0.00  312.91  0/11   0.00 |   0.700  0.611   0.54  0.347   1.55     11    0.291     18
204         600 |     6.53     0.00     0.00    -3.10    -2.37    12.00     0.00 | 14/18   0.78  8   0.44  4/14   0.29  166.93 12/18   0.67  2/18   0.11  225.25  2/14   0.14 |   0.720  0.600   0.66  0.333   1.97     12    0.327     20
205         700 |     6.13     0.00     0.00    -3.10    -2.77    12.00     0.00 | 12/18   0.67  9   0.50  3/12   0.25  187.25 12/18   0.67  2/18   0.11  258.75  0/12   0.00 |   0.562  0.750   0.79  0.482   1.63     12    0.383     16
206         800 |     4.60     0.00     0.00    -3.02    -3.39    11.00     0.00 | 13/19   0.68  8   0.42  3/13   0.23  175.77 11/19   0.58  0/19   0.00  264.55  2/13   0.15 |   0.740  0.550   0.50  0.295   1.68     11    0.230     20
207         900 |     5.18     0.00     0.00    -2.60    -3.22    11.00     0.00 | 11/19   0.58  9   0.47  1/11   0.09  146.55 11/19   0.58  2/19   0.11  263.09  0/11   0.00 |   0.700  0.625   0.71  0.400   1.76     11    0.324     16
208        1000 |     7.55     0.00     0.00    -2.07    -3.38    13.00     0.00 | 13/17   0.76  6   0.35  2/13   0.15  156.15 13/17   0.76  0/17   0.00  296.31  0/13   0.00 |   0.740  0.550   0.52  0.305   1.72     11    0.378     20
209         100 |     6.74     0.00     0.00    -2.77    -3.50    13.00     0.00 | 13/17   0.76  7   0.41  4/13   0.31  177.00 13/17   0.76  2/17   0.12  344.62  0/13   0.00 |   0.750  0.600   0.52  0.314   1.67     12    0.337     20
210         200 |     8.38     0.00     0.00    -2.05    -3.57    14.00     0.00 | 14/16   0.88  4   0.25  3/14   0.21  143.79 14/16   0.88  0/16   0.00  306.79  0/14   0.00 |   0.758  0.632   0.49  0.290   1.69     12    0.441     19
211         300 |     4.55     0.00     0.00    -2.60    -2.85    10.00     0.00 | 10/20   0.50 10   0.50  0/10   0.00  113.90 10/20   0.50  0/20   0.00  322.20  0/10   0.00 |   0.680  0.667   0.61  0.375   1.63     11    0.304     15
212         400 |     6.23     0.00     0.00    -2.67    -4.11    13.00     0.00 | 13/17   0.76  6   0.35  4/13   0.31  188.62 13/17   0.76  2/17   0.12  273.08  0/13   0.00 |   0.647  0.706   0.82  0.400   2.06     12    0.366     17
213         500 |     6.20     0.00     0.00    -2.42    -4.38    13.00     0.00 | 13/17   0.76  6   0.35  3/13   0.23  188.31 13/17   0.76  0/17   0.00  279.54  0/13   0.00 |   0.711  0.667   0.71  0.368   1.91     12    0.345     18
214         600 |     5.24     0.00     0.00    -2.67    -3.09    11.00     0.00 | 11/19   0.58  9   0.47  2/11   0.18  141.27 11/19   0.58  2/19   0.11  311.82  0/11   0.00 |   0.600  0.733   0.71  0.400   1.78     11    0.349     15
215         700 |     4.54     0.00     0.00    -3.63    -2.83    11.00     0.00 | 11/19   0.58 11   0.58  3/11   0.27  210.00 11/19   0.58  4/19   0.21  290.55  0/11   0.00 |   0.644  0.611   0.93  0.442   2.10     12    0.252     18
216         800 |     3.12     0.00     0.00    -5.10    -1.78    10.00     0.00 | 12/20   0.60 14   0.70  6/12   0.50  294.42 10/20   0.50  6/20   0.30  221.00  2/12   0.17 |   0.640  0.600   0.85  0.410   2.07     12    0.156     20
217         900 |     7.74     0.00     0.00    -2.63    -2.63    13.00     0.00 | 13/17   0.76  7   0.41  3/13   0.23  152.85 13/17   0.76  0/17   0.00  325.54  0/13   0.00 |   0.663  0.632   0.71  0.380   1.87     12    0.407     19
218        1000 |     6.96     0.00     0.00    -2.07    -2.97    12.00     0.00 | 12/18   0.67  7   0.39  1/12   0.08  124.58 12/18   0.67  0/18   0.00  328.50  0/12   0.00 |   0.765  0.588   0.57  0.333   1.70     11    0.410     17
219         100 |     4.92     0.00     0.00    -4.13    -1.95    11.00     0.00 | 11/19   0.58 12   0.63  4/11   0.36  208.73 11/19   0.58  0/19   0.00  311.27  0/11   0.00 |   0.720  0.550   0.60  0.314   1.91     12    0.246     20
220         200 |     6.88     0.00     0.00    -2.07    -3.06    12.00     0.00 | 12/18   0.67  7   0.39  1/12   0.08  125.50 12/18   0.67  0/18   0.00  250.08  0/12   0.00 |   0.653  0.667   0.70  0.412   1.70     12    0.458     15
221         300 |     7.40     0.00     0.00    -2.60    -3.00    13.00     0.00 | 13/17   0.76  7   0.41  3/13   0.23  210.77 13/17   0.76  2/17   0.12  252.85  0/13   0.00 |   0.674  0.579   0.77  0.390   1.97     11    0.389     19
222         400 |     6.32     0.00     0.00    -2.10    -3.58    12.00     0.00 | 12/18   0.67  7   0.39  1/12   0.08  146.83 12/18   0.67  2/18   0.11  276.58  0/12   0.00 |   0.713  0.625   0.61  0.365   1.68     12    0.395     16
223         500 |     9.40     0.00     0.00    -2.10    -2.50    14.00     0.00 | 14/16   0.88  5   0.31  3/14   0.21  144.14 14/16   0.88  0/16   0.00  308.00  0/14   0.00 |   0.716  0.632   0.52  0.320   1.62     12    0.495     19
224         600 |     4.28     0.00     0.00    -3.10    -2.63    10.00     0.00 | 12/20   0.60 11   0.55  3/12   0.25  209.17 10/20   0.50  2/20   0.10  285.20  2/12   0.17 |   0.700  0.600   0.64  0.352   1.81     12    0.214     20
225         700 |     6.34     0.00     0.00    -2.10    -3.56    12.00     0.00 | 12/18   0.67  7   0.39  1/12   0.08  178.42 12/18   0.67  2/18   0.11  279.58  0/12   0.00 |   0.711  0.611   0.66  0.347   1.91     11    0.352     18
226         800 |     8.05     0.00     0.00    -1.80    -4.15    14.00     0.00 | 14/16   0.88  4   0.25  3/14   0.21  171.50 14/16   0.88  0/16   0.00  259.57  0/14   0.00 |   0.716  0.632   0.68  0.380   1.79     12    0.424     19
227         900 |     8.70     0.00     0.00    -2.10    -3.20    14.00     0.00 | 14/16   0.88  5   0.31  3/14   0.21  184.00 14/16   0.88  2/16   0.12  260.21  0/14   0.00 |   0.684  0.632   0.68  0.370   1.84     12    0.458     19
228        1000 |     5.93     0.00     0.00    -2.07    -4.00    12.00     0.00 | 12/18   0.67  7   0.39  1/12   0.08  158.42 12/18   0.67  0/18   0.00  288.67  0/12   0.00 |   0.588  0.750   0.82  0.435   1.89     12    0.371     16
229         100 |     6.06     0.00     0.00    -2.43    -3.51    12.00     0.00 | 12/18   0.67  7   0.39  2/12   0.17  137.58 12/18   0.67  2/18   0.11  253.58  0/12   0.00 |   0.625  0.625   0.79  0.412   1.91     11    0.378     16
230         200 |     6.31     0.00     0.00    -2.53    -3.15    12.00     0.00 | 12/18   0.67  8   0.44  2/12   0.17  165.25 12/18   0.67  2/18   0.11  277.42  0/12   0.00 |   0.600  0.750   0.78  0.447   1.74     12    0.394     16
231         300 |     5.42     0.00     0.00    -3.10    -2.48    11.00     0.00 | 11/19   0.58 10   0.53  2/11   0.18  144.27 11/19   0.58  2/19   0.11  289.09  0/11   0.00 |   0.688  0.625   0.71  0.376   1.88     11    0.339     16
232         400 |     5.63     0.00     0.00    -2.07    -3.30    11.00     0.00 | 11/19   0.58  8   0.42  0/11   0.00  120.09 11/19   0.58  0/19   0.00  274.91  0/11   0.00 |   0.600  0.733   0.75  0.438   1.71     11    0.376     15
233         500 |     5.29     0.00     0.00    -3.07    -2.65    11.00     0.00 | 11/19   0.58 10   0.53  2/11   0.18  156.18 11/19   0.58  2/19   0.11  232.82  0/11   0.00 |   0.675  0.625   0.76  0.424   1.81     12    0.330     16
234         600 |     5.59     0.00     0.00    -3.27    -3.14    12.00     0.00 | 12/18   0.67  9   0.50  5/12   0.42  207.17 12/18   0.67  2/18   0.11  279.08  0/12   0.00 |   0.680  0.550   0.69  0.371   1.85     11    0.280     20
235         700 |     6.33     0.00     0.00    -3.13    -2.53    12.00     0.00 | 12/18   0.67  9   0.50  3/12   0.25  218.58 12/18   0.67  4/18   0.22  276.58  0/12   0.00 |   0.700  0.600   0.70  0.371   1.87     12    0.317     20
236         800 |     7.56     0.00     0.00    -2.03    -3.40    13.00     0.00 | 13/17   0.76  6   0.35  2/13   0.15  153.92 13/17   0.76  0/17   0.00  337.92  0/13   0.00 |   0.706  0.588   0.63  0.344   1.84     10    0.445     17
237         900 |     6.73     0.00     0.00    -2.07    -3.21    12.00     0.00 | 12/18   0.67  7   0.39  1/12   0.08  131.33 12/18   0.67  2/18   0.11  299.67  0/12   0.00 |   0.659  0.588   0.61  0.344   1.77     12    0.396     17
238        1000 |     8.07     0.00     0.00    -2.08    -3.84    14.00     0.00 | 14/16   0.88  4   0.25  3/14   0.21  152.64 14/16   0.88  0/16   0.00  261.50  0/14   0.00 |   0.710  0.550   0.57  0.305   1.88     12    0.404     20
239         100 |     6.04     0.00     0.00    -3.07    -2.89    12.00     0.00 | 12/18   0.67  9   0.50  3/12   0.25  183.42 12/18   0.67  4/18   0.22  271.42  0/12   0.00 |   0.600  0.706   0.83  0.456   1.83     12    0.355     17
240         200 |     4.72     0.00     0.00    -2.55    -3.73    11.00     0.00 | 11/19   0.58  8   0.42  1/11   0.09  135.64 11/19   0.58  0/19   0.00  349.00  0/11   0.00 |   0.718  0.529   0.52  0.300   1.74      9    0.278     17
241         300 |     5.32     0.00     0.00    -3.10    -2.58    11.00     0.00 | 11/19   0.58 10   0.53  2/11   0.18  148.82 11/19   0.58  0/19   0.00  304.18  0/11   0.00 |   0.747  0.474   0.53  0.310   1.71     10    0.280     19
242         400 |     4.61     0.00     0.00    -2.60    -3.79    11.00     0.00 | 11/19   0.58  9   0.47  1/11   0.09  171.45 11/19   0.58  2/19   0.11  251.09  0/11   0.00 |   0.662  0.688   0.93  0.447   2.08     12    0.288     16
243         500 |     8.88     0.00     0.00    -1.57    -3.55    14.00     0.00 | 14/16   0.88  4   0.25  2/14   0.14  150.21 14/16   0.88  0/16   0.00  312.00  0/14   0.00 |   0.758  0.526   0.52  0.280   1.86     10    0.467     19
244         600 |     7.85     0.00     0.00    -2.10    -3.05    13.00     0.00 | 13/17   0.76  6   0.35  2/13   0.15  157.00 13/17   0.76  2/17   0.12  305.31  0/13   0.00 |   0.656  0.667   0.65  0.368   1.77     12    0.436     18
245         700 |     5.11     0.00     0.00    -3.10    -2.79    11.00     0.00 | 11/19   0.58 10   0.53  2/11   0.18  160.27 11/19   0.58  0/19   0.00  360.18  0/11   0.00 |   0.760  0.500   0.56  0.324   1.74     12    0.255     20
246         800 |     5.85     0.00     0.00    -2.85    -3.30    12.00     0.00 | 12/18   0.67  8   0.44  4/12   0.33  156.75 12/18   0.67  2/18   0.11  294.50  0/12   0.00 |   0.718  0.588   0.70  0.356   1.97     12    0.344     17
247         900 |     5.78     0.00     0.00    -2.60    -3.62    12.00     0.00 | 14/18   0.78  8   0.44  4/14   0.29  235.64 12/18   0.67  0/18   0.00  245.33  2/14   0.14 |   0.680  0.600   0.70  0.371   1.87     12    0.289     20
248        1000 |     7.42     0.00     0.00    -2.97    -2.61    13.00     0.00 | 15/17   0.88  6   0.35  4/15   0.27  171.47 13/17   0.76  0/17   0.00  285.85  2/15   0.13 |   0.730  0.550   0.54  0.295   1.84     11    0.371     20
249         100 |     6.18     0.00     0.00    -2.10    -3.72    12.00     0.00 | 14/18   0.78  6   0.33  2/14   0.14  192.64 12/18   0.67  2/18   0.11  255.42  2/14   0.14 |   0.670  0.600   0.65  0.333   1.94     12    0.309     20
250         200 |     6.43     0.00     0.00    -2.60    -2.97    12.00     0.00 | 12/18   0.67  8   0.44  2/12   0.17  157.00 12/18   0.67  0/18   0.00  304.33  0/12   0.00 |   0.740  0.550   0.57  0.305   1.88     11    0.322     20
251         300 |     6.64     0.00     0.00    -3.17    -2.20    12.00     0.00 | 12/18   0.67  9   0.50  3/12   0.25  161.50 12/18   0.67  2/18   0.11  259.67  0/12   0.00 |   0.733  0.500   0.71  0.326   2.16     11    0.369     18
252         400 |     5.15     0.00     0.00    -2.53    -3.32    11.00     0.00 | 11/19   0.58  8   0.42  1/11   0.09  120.64 11/19   0.58  0/19   0.00  273.00  0/11   0.00 |   0.680  0.667   0.60  0.362   1.66     11    0.343     15
253         500 |     5.58     0.00     0.00    -3.13    -3.29    12.00     0.00 | 12/18   0.67  9   0.50  4/12   0.33  218.25 12/18   0.67  4/18   0.22  279.00  0/12   0.00 |   0.689  0.611   0.88  0.432   2.05     12    0.310     18
254         600 |     7.00     0.00     0.00    -2.60    -2.40    12.00     0.00 | 12/18   0.67  8   0.44  2/12   0.17  143.08 12/18   0.67  0/18   0.00  287.17  0/12   0.00 |   0.722  0.611   0.53  0.316   1.67     12    0.389     18
255         700 |     6.87     0.00     0.00    -2.07    -3.06    12.00     0.00 | 12/18   0.67  7   0.39  1/12   0.08  125.33 12/18   0.67  2/18   0.11  292.75  0/12   0.00 |   0.729  0.706   0.57  0.333   1.70     12    0.404     17
256         800 |     8.01     0.00     0.00    -3.38    -2.60    14.00     0.00 | 14/16   0.88  7   0.44  6/14   0.43  185.43 14/16   0.88  0/16   0.00  264.07  0/14   0.00 |   0.674  0.632   0.78  0.410   1.90     12    0.422     19
257         900 |     7.46     0.00     0.00    -3.13    -2.41    13.00     0.00 | 13/17   0.76  8   0.47  4/13   0.31  150.31 13/17   0.76  2/17   0.12  275.85  0/13   0.00 |   0.706  0.647   0.57  0.322   1.76     11    0.439     17
258        1000 |     7.06     0.00     0.00    -2.10    -3.84    13.00     0.00 | 13/17   0.76  6   0.35  2/13   0.15  180.54 13/17   0.76  0/17   0.00  231.69  0/13   0.00 |   0.700  0.550   0.63  0.333   1.89     11    0.353     20
259         100 |     6.52     0.00     0.00    -2.57    -2.91    12.00     0.00 | 12/18   0.67  8   0.44  2/12   0.17  149.25 12/18   0.67  0/18   0.00  314.42  0/12   0.00 |   0.711  0.556   0.53  0.316   1.67     12    0.362     18
260         200 |     1.39     0.00     0.00    -6.63    -3.97    12.00     0.00 | 12/18   0.67  9   0.50  3/12   0.25  209.58 12/18   0.67  4/18   0.22  275.58  0/12   0.00 |   0.670  0.600   0.70  0.410   1.70     12    0.070     20
261         300 |     6.71     0.00     0.00    -2.07    -3.23    12.00     0.00 | 12/18   0.67  7   0.39  1/12   0.08  131.08 12/18   0.67  0/18   0.00  330.00  0/12   0.00 |   0.744  0.500   0.49  0.295   1.68     10    0.373     18
262         400 |     4.09     0.00     0.00    -3.50    -3.41    11.00     0.00 | 13/19   0.68 10   0.53  5/13   0.38  249.08 11/19   0.58  4/19   0.21  249.36  2/13   0.15 |   0.700  0.600   0.81  0.390   2.07     12    0.204     20
263         500 |     7.07     0.00     0.00    -2.10    -2.83    12.00     0.00 | 12/18   0.67  7   0.39  1/12   0.08  120.17 12/18   0.67  2/18   0.11  271.42  0/12   0.00 |   0.675  0.625   0.61  0.353   1.73     10    0.442     16
264         600 |     6.90     0.00     0.00    -2.57    -3.53    13.00     0.00 | 15/17   0.88  7   0.41  5/15   0.33  239.13 13/17   0.76  0/17   0.00  274.77  2/15   0.13 |   0.730  0.550   0.73  0.343   2.14     12    0.345     20
265         700 |     7.73     0.00     0.00    -2.57    -2.70    13.00     0.00 | 13/17   0.76  7   0.41  3/13   0.23  160.23 13/17   0.76  0/17   0.00  266.08  0/13   0.00 |   0.635  0.706   0.69  0.389   1.77     12    0.455     17
266         800 |     7.61     0.00     0.00    -2.57    -2.82    13.00     0.00 | 13/17   0.76  7   0.41  3/13   0.23  180.08 13/17   0.76  2/17   0.12  301.23  0/13   0.00 |   0.690  0.600   0.63  0.362   1.74     12    0.381     20
267         900 |     2.74     0.00     0.00    -5.17    -3.10    11.00     0.00 | 11/19   0.58 11   0.58  3/11   0.27  166.18 11/19   0.58  2/19   0.11  291.55  0/11   0.00 |   0.675  0.688   0.73  0.353   2.07     11    0.171     16
268        1000 |     6.98     0.00     0.00    -3.67    -2.36    13.00     0.00 | 13/17   0.76  9   0.53  5/13   0.38  217.62 13/17   0.76  4/17   0.24  334.46  0/13   0.00 |   0.740  0.500   0.65  0.343   1.89     12    0.349     20
269         100 |     6.36     0.00     0.00    -2.07    -3.58    12.00     0.00 | 12/18   0.67  7   0.39  1/12   0.08  142.92 12/18   0.67  0/18   0.00  294.92  0/12   0.00 |   0.678  0.556   0.61  0.347   1.76     11    0.353     18
270         200 |     6.16     0.00     0.00    -3.67    -2.17    12.00     0.00 | 12/18   0.67 10   0.56  4/12   0.33  193.33 12/18   0.67  2/18   0.11  303.83  0/12   0.00 |   0.632  0.632   0.82  0.430   1.91     12    0.324     19
271         300 |     7.26     0.00     0.00    -2.60    -3.14    13.00     0.00 | 13/17   0.76  7   0.41  3/13   0.23  165.69 13/17   0.76  0/17   0.00  247.08  0/13   0.00 |   0.700  0.550   0.64  0.352   1.81     12    0.363     20
272         400 |     6.18     0.00     0.00    -3.63    -2.18    12.00     0.00 | 12/18   0.67 10   0.56  4/12   0.33  201.58 12/18   0.67  2/18   0.11  273.92  0/12   0.00 |   0.600  0.688   0.89  0.471   1.90     12    0.386     16
273         500 |     7.75     0.00     0.00    -2.10    -3.15    13.00     0.00 | 13/17   0.76  6   0.35  2/13   0.15  153.62 13/17   0.76  2/17   0.12  267.92  0/13   0.00 |   0.750  0.550   0.50  0.305   1.62     12    0.387     20
274         600 |     6.93     0.00     0.00    -3.37    -2.71    13.00     0.00 | 13/17   0.76  8   0.47  5/13   0.38  190.46 13/17   0.76  0/17   0.00  243.54  0/13   0.00 |   0.720  0.600   0.64  0.324   1.97     12    0.346     20
275         700 |     5.54     0.00     0.00    -2.57    -3.89    12.00     0.00 | 12/18   0.67  8   0.44  2/12   0.17  212.25 12/18   0.67  2/18   0.11  304.42  0/12   0.00 |   0.716  0.579   0.65  0.340   1.91     11    0.292     19
276         800 |     7.62     0.00     0.00    -1.60    -3.78    13.00     0.00 | 13/17   0.76  5   0.29  1/13   0.08  145.23 13/17   0.76  0/17   0.00  333.38  0/13   0.00 |   0.760  0.550   0.53  0.324   1.65     12    0.381     20
277         900 |     6.54     0.00     0.00    -3.10    -2.36    12.00     0.00 | 12/18   0.67  9   0.50  3/12   0.25  163.42 12/18   0.67  4/18   0.22  256.83  0/12   0.00 |   0.671  0.647   0.63  0.367   1.73     12    0.385     17
278        1000 |     7.33     0.00     0.00    -2.60    -3.07    13.00     0.00 | 13/17   0.76  7   0.41  3/13   0.23  169.23 13/17   0.76  0/17   0.00  296.85  0/13   0.00 |   0.642  0.632   0.72  0.380   1.89     12    0.386     19
279         100 |     6.77     0.00     0.00    -2.60    -2.63    12.00     0.00 | 12/18   0.67  8   0.44  2/12   0.17  132.08 12/18   0.67  0/18   0.00  305.42  0/12   0.00 |   0.671  0.647   0.61  0.344   1.77     11    0.398     17
280         200 |     6.27     0.00     0.00    -2.10    -3.63    12.00     0.00 | 12/18   0.67  7   0.39  1/12   0.08  158.33 12/18   0.67  4/18   0.22  302.67  0/12   0.00 |   0.705  0.579   0.64  0.360   1.78     11    0.330     19
281         300 |     7.31     0.00     0.00    -1.95    -3.74    13.00     0.00 | 13/17   0.76  5   0.29  2/13   0.15  144.69 13/17   0.76  0/17   0.00  278.54  0/13   0.00 |   0.747  0.579   0.47  0.290   1.62     11    0.385     19
282         400 |     6.15     0.00     0.00    -3.70    -2.15    12.00     0.00 | 12/18   0.67 10   0.56  5/12   0.42  174.42 12/18   0.67  0/18   0.00  290.42  0/12   0.00 |   0.741  0.588   0.62  0.322   1.93     12    0.362     17
283         500 |     5.06     0.00     0.00    -3.13    -3.80    12.00     0.00 | 12/18   0.67  9   0.50  3/12   0.25  221.17 12/18   0.67  4/18   0.22  275.92  0/12   0.00 |   0.656  0.611   0.78  0.368   2.11     11    0.281     18
284         600 |     6.73     0.00     0.00    -2.60    -2.67    12.00     0.00 | 12/18   0.67  8   0.44  2/12   0.17  139.25 12/18   0.67  0/18   0.00  266.83  0/12   0.00 |   0.640  0.667   0.71  0.400   1.78     10    0.449     15
285         700 |     5.09     0.00     0.00    -4.10    -1.81    11.00     0.00 | 11/19   0.58 12   0.63  4/11   0.36  188.27 11/19   0.58  0/19   0.00  256.00  0/11   0.00 |   0.674  0.632   0.71  0.410   1.73     12    0.268     19
286         800 |     6.55     0.00     0.00    -2.57    -2.89    12.00     0.00 | 12/18   0.67  8   0.44  2/12   0.17  140.42 12/18   0.67  2/18   0.11  295.50  0/12   0.00 |   0.667  0.667   0.65  0.375   1.73     11    0.437     15
287         900 |     6.28     0.00     0.00    -2.60    -3.12    12.00     0.00 | 12/18   0.67  8   0.44  2/12   0.17  159.58 12/18   0.67  0/18   0.00  319.50  0/12   0.00 |   0.789  0.579   0.54  0.300   1.80     11    0.331     19
288        1000 |     7.00     0.00     0.00    -2.07    -2.93    12.00     0.00 | 12/18   0.67  7   0.39  1/12   0.08  126.75 12/18   0.67  2/18   0.11  301.33  0/12   0.00 |   0.688  0.688   0.56  0.353   1.60     12    0.438     16
289         100 |     5.58     0.00     0.00    -3.60    -1.82    11.00     0.00 | 11/19   0.58 11   0.58  3/11   0.27  155.91 11/19   0.58  4/19   0.21  341.55  0/11   0.00 |   0.705  0.579   0.60  0.330   1.82     11    0.294     19
290         200 |     7.07     0.00     0.00    -2.63    -2.30    12.00     0.00 | 12/18   0.67  8   0.44  2/12   0.17  142.58 12/18   0.67  2/18   0.11  253.00  0/12   0.00 |   0.682  0.588   0.70  0.367   1.91     11    0.416     17
291         300 |     4.26     0.00     0.00    -3.08    -3.65    11.00     0.00 | 13/19   0.68  9   0.47  4/13   0.31  209.92 11/19   0.58  0/19   0.00  307.27  2/13   0.15 |   0.710  0.550   0.72  0.362   2.00     12    0.213     20
292         400 |     5.93     0.00     0.00    -2.33    -3.74    12.00     0.00 | 12/18   0.67  7   0.39  2/12   0.17  180.58 12/18   0.67  0/18   0.00  244.25  0/12   0.00 |   0.726  0.526   0.70  0.330   2.12     10    0.312     19
293         500 |     6.34     0.00     0.00    -2.37    -3.29    12.00     0.00 | 12/18   0.67  7   0.39  2/12   0.17  138.75 12/18   0.67  0/18   0.00  230.42  0/12   0.00 |   0.711  0.556   0.66  0.358   1.85     11    0.352     18
294         600 |     5.22     0.00     0.00    -3.10    -2.68    11.00     0.00 | 11/19   0.58 10   0.53  3/11   0.27  175.09 11/19   0.58  2/19   0.11  305.64  0/11   0.00 |   0.722  0.611   0.63  0.379   1.67     11    0.290     18
295         700 |     6.34     0.00     0.00    -3.10    -2.56    12.00     0.00 | 12/18   0.67  9   0.50  3/12   0.25  172.00 12/18   0.67  0/18   0.00  279.83  0/12   0.00 |   0.737  0.632   0.65  0.330   1.97     12    0.334     19
296         800 |     7.20     0.00     0.00    -3.47    -3.33    14.00     0.00 | 14/16   0.88  5   0.31  4/14   0.29  170.50 14/16   0.88  0/16   0.00  334.50  0/14   0.00 |   0.750  0.550   0.51  0.295   1.74     12    0.360     20
297         900 |     6.48     0.00     0.00    -2.60    -2.92    12.00     0.00 | 12/18   0.67  8   0.44  2/12   0.17  150.08 12/18   0.67  2/18   0.11  297.75  0/12   0.00 |   0.695  0.579   0.48  0.310   1.55     12    0.341     19
298        1000 |     4.21     0.00     0.00    -4.10    -2.69    11.00     0.00 | 11/19   0.58 12   0.63  5/11   0.45  255.00 11/19   0.58  2/19   0.11  276.18  0/11   0.00 |   0.690  0.600   0.75  0.381   1.98     12    0.210     20
299         100 |     7.52     0.00     0.00    -2.60    -2.89    13.00     0.00 | 13/17   0.76  7   0.41  3/13   0.23  151.31 13/17   0.76  0/17   0.00  318.31  0/13   0.00 |   0.758  0.579   0.53  0.320   1.66     12    0.396     19
300         200 |     6.59     0.00     0.00    -3.10    -2.32    12.00     0.00 | 12/18   0.67  9   0.50  3/12   0.25  156.83 12/18   0.67  0/18   0.00  332.25  0/12   0.00 |   0.694  0.529   0.64  0.333   1.93      9    0.387     17
301         300 |     6.04     0.00     0.00    -2.60    -3.36    12.00     0.00 | 12/18   0.67  8   0.44  2/12   0.17  161.17 12/18   0.67  0/18   0.00  271.08  0/12   0.00 |   0.682  0.529   0.72  0.378   1.91     11    0.355     17
302         400 |     4.61     0.00     0.00    -4.13    -2.26    11.00     0.00 | 13/19   0.68 12   0.63  6/13   0.46  265.00 11/19   0.58  2/19   0.11  239.73  2/13   0.15 |   0.670  0.600   0.78  0.390   2.00     12    0.230     20
303         500 |     5.10     0.00     0.00    -2.48    -3.41    11.00     0.00 | 11/19   0.58  8   0.42  1/11   0.09  124.09 11/19   0.58  0/19   0.00  318.73  0/11   0.00 |   0.729  0.588   0.57  0.333   1.70     11    0.300     17
304         600 |     5.65     0.00     0.00    -3.62    -2.73    12.00     0.00 | 12/18   0.67  9   0.50  4/12   0.33  184.58 12/18   0.67  2/18   0.11  273.83  0/12   0.00 |   0.726  0.632   0.63  0.360   1.75     12    0.298     19
305         700 |     5.63     0.00     0.00    -3.18    -3.19    12.00     0.00 | 12/18   0.67  9   0.50  4/12   0.33  208.33 12/18   0.67  4/18   0.22  330.75  0/12   0.00 |   0.684  0.632   0.75  0.400   1.88     12    0.296     19
306         800 |     6.51     0.00     0.00    -3.13    -2.36    12.00     0.00 | 14/18   0.78  9   0.50  5/14   0.36  218.21 12/18   0.67  0/18   0.00  296.83  2/14   0.14 |   0.680  0.600   0.71  0.362   1.97     12    0.326     20
307         900 |     6.28     0.00     0.00    -3.07    -2.65    12.00     0.00 | 12/18   0.67  9   0.50  3/12   0.25  177.00 12/18   0.67  2/18   0.11  287.50  0/12   0.00 |   0.656  0.667   0.66  0.432   1.54     12    0.349     18
308        1000 |     6.62     0.00     0.00    -3.10    -2.29    12.00     0.00 | 12/18   0.67  9   0.50  3/12   0.25  160.25 12/18   0.67  0/18   0.00  332.17  0/12   0.00 |   0.710  0.600   0.55  0.305   1.81     12    0.331     20
309         100 |     7.83     0.00     0.00    -2.07    -3.10    13.00     0.00 | 13/17   0.76  6   0.35  2/13   0.15  140.85 13/17   0.76  0/17   0.00  218.15  0/13   0.00 |   0.700  0.611   0.72  0.389   1.84     11    0.435     18
310         200 |     4.17     0.00     0.00    -3.63    -3.20    11.00     0.00 | 11/19   0.58 10   0.53  2/11   0.18  159.00 11/19   0.58  0/19   0.00  265.64  0/11   0.00 |   0.700  0.667   0.55  0.358   1.53     12    0.232     18
311         300 |     4.90     0.00     0.00    -3.17    -2.93    11.00     0.00 | 13/19   0.68 10   0.53  4/13   0.31  210.62 11/19   0.58  4/19   0.21  239.18  2/13   0.15 |   0.670  0.600   0.84  0.410   2.05     12    0.245     20
312         400 |     5.11     0.00     0.00    -2.57    -3.32    11.00     0.00 | 13/19   0.68  9   0.47  3/13   0.23  196.69 11/19   0.58  0/19   0.00  205.00  2/13   0.15 |   0.680  0.550   0.70  0.381   1.85     11    0.256     20
313         500 |     6.56     0.00     0.00    -2.60    -2.84    12.00     0.00 | 12/18   0.67  8   0.44  2/12   0.17  145.83 12/18   0.67  4/18   0.22  269.33  0/12   0.00 |   0.588  0.647   0.76  0.433   1.74     11    0.386     17
314         600 |     3.99     0.00     0.00    -3.15    -2.87    10.00     0.00 | 12/20   0.60 11   0.55  4/12   0.33  217.92 10/20   0.50  0/20   0.00  350.50  2/12   0.17 |   0.730  0.600   0.59  0.324   1.82     12    0.199     20
315         700 |     5.92     0.00     0.00    -4.08    -3.00    13.00     0.00 | 13/17   0.76  9   0.53  6/13   0.46  213.23 13/17   0.76  0/17   0.00  231.00  0/13   0.00 |   0.718  0.647   0.72  0.367   1.97     11    0.348     17
316         800 |     7.76     0.00     0.00    -1.57    -3.67    13.00     0.00 | 13/17   0.76  5   0.29  1/13   0.08  137.92 13/17   0.76  0/17   0.00  334.15  0/13   0.00 |   0.725  0.625   0.65  0.341   1.90     10    0.485     16
317         900 |     5.81     0.00     0.00    -2.97    -3.22    12.00     0.00 | 14/18   0.78  7   0.39  4/14   0.29  181.29 12/18   0.67  0/18   0.00  243.67  2/14   0.14 |   0.750  0.550   0.67  0.324   2.06     11    0.291     20
318        1000 |     5.65     0.00     0.00    -2.63    -2.72    11.00     0.00 | 11/19   0.58  9   0.47  1/11   0.09  124.18 11/19   0.58  0/19   0.00  272.18  0/11   0.00 |   0.667  0.611   0.69  0.421   1.65     12    0.314     18
319         100 |     8.41     0.00     0.00    -2.10    -2.48    13.00     0.00 | 13/17   0.76  6   0.35  2/13   0.15  131.15 13/17   0.76  2/17   0.12  325.00  0/13   0.00 |   0.768  0.526   0.46  0.280   1.64     12    0.443     19
320         200 |     4.94     0.00     0.00    -3.63    -2.43    11.00     0.00 | 11/19   0.58 11   0.58  3/11   0.27  177.82 11/19   0.58  4/19   0.21  317.91  0/11   0.00 |   0.671  0.647   0.72  0.400   1.81     12    0.291     17
321         300 |     4.82     0.00     0.00    -3.60    -2.58    11.00     0.00 | 11/19   0.58 11   0.58  3/11   0.27  180.91 11/19   0.58  0/19   0.00  293.00  0/11   0.00 |   0.689  0.667   0.74  0.368   2.00     12    0.268     18
322         400 |     6.83     0.00     0.00    -2.27    -3.91    13.00     0.00 | 15/17   0.88  6   0.35  5/15   0.33  215.00 13/17   0.76  2/17   0.12  237.85  2/15   0.13 |   0.680  0.550   0.68  0.343   1.97     11    0.341     20
323         500 |     7.25     0.00     0.00    -1.87    -3.88    13.00     0.00 | 13/17   0.76  5   0.29  2/13   0.15  147.00 13/17   0.76  0/17   0.00  255.46  0/13   0.00 |   0.710  0.550   0.59  0.314   1.88     12    0.363     20
324         600 |     5.39     0.00     0.00    -4.21    -2.40    12.00     0.00 | 12/18   0.67 11   0.61  5/12   0.42  260.42 12/18   0.67  0/18   0.00  220.58  0/12   0.00 |   0.611  0.667   0.92  0.453   2.02     12    0.299     18
325         700 |     7.10     0.00     0.00    -1.57    -3.34    12.00     0.00 | 12/18   0.67  6   0.33  0/12   0.00  111.17 12/18   0.67  0/18   0.00  277.00  0/12   0.00 |   0.688  0.625   0.52  0.329   1.57     10    0.444     16
